Traceback (most recent call last):
  File "/opt/hostedtoolcache/Python/3.10.20/x64/lib/python3.10/site-packages/jupyter_cache/executors/utils.py", line 58, in single_nb_execution
    executenb(
  File "/opt/hostedtoolcache/Python/3.10.20/x64/lib/python3.10/site-packages/nbclient/client.py", line 1305, in execute
    return NotebookClient(nb=nb, resources=resources, km=km, **kwargs).execute()
  File "/opt/hostedtoolcache/Python/3.10.20/x64/lib/python3.10/site-packages/jupyter_core/utils/__init__.py", line 165, in wrapped
    return loop.run_until_complete(inner)
  File "/opt/hostedtoolcache/Python/3.10.20/x64/lib/python3.10/asyncio/base_events.py", line 649, in run_until_complete
    return future.result()
  File "/opt/hostedtoolcache/Python/3.10.20/x64/lib/python3.10/site-packages/nbclient/client.py", line 705, in async_execute
    await self.async_execute_cell(
  File "/opt/hostedtoolcache/Python/3.10.20/x64/lib/python3.10/site-packages/nbclient/client.py", line 1058, in async_execute_cell
    await self._check_raise_for_error(cell, cell_index, exec_reply)
  File "/opt/hostedtoolcache/Python/3.10.20/x64/lib/python3.10/site-packages/nbclient/client.py", line 914, in _check_raise_for_error
    raise CellExecutionError.from_cell_and_msg(cell, exec_reply_content)
nbclient.exceptions.CellExecutionError: An error occurred while executing the following cell:
------------------
import numpy as np
import matplotlib.pyplot as plt
import matplotlib.animation as animation

# Parameters
t = np.linspace(0, 2*np.pi, 200)
Vm = 1

# Figure with two panels
fig, (ax_time, ax_phasor) = plt.subplots(1, 2, figsize=(10, 4))

# --- Time domain ---
ax_time.set_xlim(0, 1)
ax_time.set_ylim(-1.5, 1.5)
ax_time.set_title("Time-domain")
ax_time.set_xlabel("Tid")

line_a, = ax_time.plot([], [], label="v_r")
line_b, = ax_time.plot([], [], label="v_s")
line_c, = ax_time.plot([], [], label="v_t")
ax_time.legend()

# --- Phasor plot ---
ax_phasor.set_xlim(-1.2, 1.2)
ax_phasor.set_ylim(-1.2, 1.2)
ax_phasor.set_title("Rotating vector (phasor)")
ax_phasor.axhline(0)
ax_phasor.axvline(0)

vec_a = ax_phasor.arrow(0, 0, 0, 0)
vec_b = ax_phasor.arrow(0, 0, 0, 0)
vec_c = ax_phasor.arrow(0, 0, 0, 0)

# storage
ta, va_hist = [], []
tb, vb_hist = [], []
tc, vc_hist = [], []

def update(frame):
    global vec_a, vec_b, vec_c
    
    theta = frame
    
    # phases
    angles = [theta, theta - 2*np.pi/3, theta - 4*np.pi/3]
    
    va = Vm * np.cos(angles[0])
    vb = Vm * np.cos(angles[1])
    vc = Vm * np.cos(angles[2])
    
    # store history (normalized time)
    time_val = theta / (2*np.pi)
    ta.append(time_val); va_hist.append(va)
    tb.append(time_val); vb_hist.append(vb)
    tc.append(time_val); vc_hist.append(vc)
    
    # update time plot
    line_a.set_data(ta, va_hist)
    line_b.set_data(tb, vb_hist)
    line_c.set_data(tc, vc_hist)
    
    # remove old arrows
    vec_a.remove()
    vec_b.remove()
    vec_c.remove()
    
    # draw new phasors
    vec_a = ax_phasor.arrow(0, 0,
                       np.cos(angles[0]), np.sin(angles[0]),
                       head_width=0.05, color='blue')

    vec_b = ax_phasor.arrow(0, 0,
                       np.cos(angles[1]), np.sin(angles[1]),
                       head_width=0.05, color='orange')

    vec_c = ax_phasor.arrow(0, 0,
                       np.cos(angles[2]), np.sin(angles[2]),
                       head_width=0.05, color='green')
    
    return line_a, line_b, line_c, vec_a, vec_b, vec_c

ani = animation.FuncAnimation(
    fig, update, frames=np.linspace(0, 2*np.pi, 100), interval=100
)

ani.save("three-phase.gif", writer="pillow")
plt.close()
------------------


[0;31m---------------------------------------------------------------------------[0m
[0;31mModuleNotFoundError[0m                       Traceback (most recent call last)
Cell [0;32mIn[1], line 1[0m
[0;32m----> 1[0m [38;5;28;01mimport[39;00m[38;5;250m [39m[38;5;21;01mnumpy[39;00m[38;5;250m [39m[38;5;28;01mas[39;00m[38;5;250m [39m[38;5;21;01mnp[39;00m
[1;32m      2[0m [38;5;28;01mimport[39;00m[38;5;250m [39m[38;5;21;01mmatplotlib[39;00m[38;5;21;01m.[39;00m[38;5;21;01mpyplot[39;00m[38;5;250m [39m[38;5;28;01mas[39;00m[38;5;250m [39m[38;5;21;01mplt[39;00m
[1;32m      3[0m [38;5;28;01mimport[39;00m[38;5;250m [39m[38;5;21;01mmatplotlib[39;00m[38;5;21;01m.[39;00m[38;5;21;01manimation[39;00m[38;5;250m [39m[38;5;28;01mas[39;00m[38;5;250m [39m[38;5;21;01manimation[39;00m

[0;31mModuleNotFoundError[0m: No module named 'numpy'

