Traceback (most recent call last):
  File "/opt/hostedtoolcache/Python/3.10.20/x64/lib/python3.10/site-packages/jupyter_cache/executors/utils.py", line 58, in single_nb_execution
    executenb(
  File "/opt/hostedtoolcache/Python/3.10.20/x64/lib/python3.10/site-packages/nbclient/client.py", line 1305, in execute
    return NotebookClient(nb=nb, resources=resources, km=km, **kwargs).execute()
  File "/opt/hostedtoolcache/Python/3.10.20/x64/lib/python3.10/site-packages/jupyter_core/utils/__init__.py", line 165, in wrapped
    return loop.run_until_complete(inner)
  File "/opt/hostedtoolcache/Python/3.10.20/x64/lib/python3.10/asyncio/base_events.py", line 649, in run_until_complete
    return future.result()
  File "/opt/hostedtoolcache/Python/3.10.20/x64/lib/python3.10/site-packages/nbclient/client.py", line 705, in async_execute
    await self.async_execute_cell(
  File "/opt/hostedtoolcache/Python/3.10.20/x64/lib/python3.10/site-packages/nbclient/client.py", line 1058, in async_execute_cell
    await self._check_raise_for_error(cell, cell_index, exec_reply)
  File "/opt/hostedtoolcache/Python/3.10.20/x64/lib/python3.10/site-packages/nbclient/client.py", line 914, in _check_raise_for_error
    raise CellExecutionError.from_cell_and_msg(cell, exec_reply_content)
nbclient.exceptions.CellExecutionError: An error occurred while executing the following cell:
------------------
import schemdraw
import schemdraw.elements as elm

with schemdraw.Drawing() as d:

    # --- LEFT SIDE ---
    d += elm.Line().up(2)
    d += elm.SourceSin().up().length(2)
    d += elm.Line().up(0)

    # Save top-left position
    top_left = d.here

    # --- TOP WIRE ---
    d += elm.Line().right(3)

    # --- RIGHT SIDE (direct continuation — THIS fixes alignment) ---
    d += elm.Inductor().down().label('L')
    d += elm.Resistor().down().label('R')
    d += elm.Capacitor().down().label('C')

    # --- BOTTOM WIRE ---
    d += elm.Line().left(3)

    # --- CLOSE LOOP ---
    d += elm.Line().up()

    # --- CURRENT ARROW (placed AFTER geometry) ---
    d += elm.Arrow().at((top_left[0] + 1.5, top_left[1] + 0.45)).right().length(0.8)
    d += elm.Label().at((top_left[0] + 1.9, top_left[1] + 0.9)).label(r'$i(t)$')

    # --- SOURCE LABELS ---
    d += elm.Label().at((-2.8, 3)).label(r'$v(t)=\sqrt{2}V\cos(\omega t)$')
    d += elm.Label().at((-0.4, 3.75)).label('+')
    d += elm.Label().at((-0.4, 2.25)).label('−')

    d.draw()
------------------


[0;31m---------------------------------------------------------------------------[0m
[0;31mModuleNotFoundError[0m                       Traceback (most recent call last)
Cell [0;32mIn[1], line 1[0m
[0;32m----> 1[0m [38;5;28;01mimport[39;00m[38;5;250m [39m[38;5;21;01mschemdraw[39;00m
[1;32m      2[0m [38;5;28;01mimport[39;00m[38;5;250m [39m[38;5;21;01mschemdraw[39;00m[38;5;21;01m.[39;00m[38;5;21;01melements[39;00m[38;5;250m [39m[38;5;28;01mas[39;00m[38;5;250m [39m[38;5;21;01melm[39;00m
[1;32m      4[0m [38;5;28;01mwith[39;00m schemdraw[38;5;241m.[39mDrawing() [38;5;28;01mas[39;00m d:
[1;32m      5[0m 
[1;32m      6[0m     [38;5;66;03m# --- LEFT SIDE ---[39;00m

[0;31mModuleNotFoundError[0m: No module named 'schemdraw'

